[24/Jun/2021:14:15:29] (I): WordPress Instance Info:
[24/Jun/2021:14:15:29] (I): Home URL : http://localhost/brief7
[24/Jun/2021:14:15:29] (I): Site URL : http://localhost/brief7
[24/Jun/2021:14:15:29] (I): WordPress Version : 5.7.2
[24/Jun/2021:14:15:29] (I): Onboarding Version : 1.1.13
[24/Jun/2021:14:15:29] (I): Multisite : No
[24/Jun/2021:14:15:29] (I): Server Info : Apache/2.4.46 (Win64) OpenSSL/1.1.1j PHP/8.0.3
[24/Jun/2021:14:15:29] (I): PHP Version : 8.0.3
[24/Jun/2021:14:15:29] (I): HTTPS : No
[24/Jun/2021:14:15:29] (I): PHP Max Execution Time : 120
[24/Jun/2021:14:15:29] (I): PHP Max Input Vars : 1000
[24/Jun/2021:14:15:29] (I): Max Upload Size : 41943040
[24/Jun/2021:14:15:29] (I): Plugins:
[24/Jun/2021:14:15:29] (I): [PLUGIN] Elementor Pro : v3.3.1 (Elementor.com)
[24/Jun/2021:14:15:29] (I): [PLUGIN] Elementor : v3.2.5 (Elementor.com)
[24/Jun/2021:14:15:29] (I): [PLUGIN] Templates Patterns Collection : v1.1.13 (ThemeIsle)
[24/Jun/2021:14:15:29] (I): [PLUGIN] Orbit Fox Companion : v2.10.6 (Themeisle)
[24/Jun/2021:14:15:29] (P): Saving remote XML
[24/Jun/2021:14:15:30] (S): Saved remote XML at path C:\xampp\htdocs\Brief7/wp-content/uploads/themeisle-demo-import.xml.
[24/Jun/2021:14:15:30] (P): Starting content import...
[24/Jun/2021:14:15:31] (S): Import started.
[24/Jun/2021:14:15:31] (S): Parsing XML file.
[24/Jun/2021:14:15:31] (P): Starting parsing file:C:\xampp\htdocs\Brief7/wp-content/uploads/themeisle-demo-import.xml
[24/Jun/2021:14:15:31] (P): Using WXR_Parser_SimpleXML...
[24/Jun/2021:14:15:31] (S): Parsed XML
[24/Jun/2021:14:15:31] (P): Processing categories...
[24/Jun/2021:14:15:31] (S): Processed categories.
[24/Jun/2021:14:15:31] (P): Processing tags...
[24/Jun/2021:14:15:31] (S): No tags to process.
[24/Jun/2021:14:15:31] (P): Processing terms...
[24/Jun/2021:14:15:31] (S): Processed terms.
[24/Jun/2021:14:15:31] (P): Processing posts...
[24/Jun/2021:14:15:31] (P): Processing attachment: https://s33834.pcdn.co/architecture/wp-content/uploads/sites/207/2019/07/archi-logo.png...
[24/Jun/2021:14:15:31] (P): Fetching attachment from url: https://s33834.pcdn.co/architecture/wp-content/uploads/sites/207/2019/07/archi-logo.png...
[24/Jun/2021:14:15:42] (E): Remote server did not respond
[24/Jun/2021:14:15:42] (E): {"errors":{"import_file_error":["Remote server did not respond"]},"error_data":[]}
[24/Jun/2021:14:15:42] (E): Failed to import Media archi-logo . Remote server did not respond
[24/Jun/2021:14:15:42] (P): Processing attachment: https://s33834.pcdn.co/architecture/wp-content/uploads/sites/207/2019/07/cropped-archi-logo.png...
[24/Jun/2021:14:15:42] (P): Fetching attachment from url: https://s33834.pcdn.co/architecture/wp-content/uploads/sites/207/2019/07/cropped-archi-logo.png...
[24/Jun/2021:14:15:49] (S): Fetched remote attachment.
[24/Jun/2021:14:15:49] (P): Inserting attachment...
[24/Jun/2021:14:15:49] (S): Attachment inserted
[24/Jun/2021:14:15:49] (S): Processed attachment.
[24/Jun/2021:14:15:49] (P): Processing attachment: https://s33834.pcdn.co/architecture/wp-content/uploads/sites/207/2019/07/neve-architect-demo-01.jpg...
[24/Jun/2021:14:15:49] (P): Fetching attachment from url: https://s33834.pcdn.co/architecture/wp-content/uploads/sites/207/2019/07/neve-architect-demo-01.jpg...
[24/Jun/2021:14:15:52] (S): Fetched remote attachment.
[24/Jun/2021:14:15:52] (P): Inserting attachment...
[24/Jun/2021:14:15:52] (S): Attachment inserted
[24/Jun/2021:14:15:52] (S): Processed attachment.
[24/Jun/2021:14:15:52] (P): Processing attachment: https://s33834.pcdn.co/architecture/wp-content/uploads/sites/207/2019/07/neve-architect-demo-02.jpg...
[24/Jun/2021:14:15:52] (P): Fetching attachment from url: https://s33834.pcdn.co/architecture/wp-content/uploads/sites/207/2019/07/neve-architect-demo-02.jpg...
[24/Jun/2021:14:15:53] (S): Fetched remote attachment.
[24/Jun/2021:14:15:53] (P): Inserting attachment...
[24/Jun/2021:14:15:53] (S): Attachment inserted
[24/Jun/2021:14:15:53] (S): Processed attachment.
[24/Jun/2021:14:15:53] (P): Processing attachment: https://s33834.pcdn.co/architecture/wp-content/uploads/sites/207/2019/07/neve-architect-demo-03.jpg...
[24/Jun/2021:14:15:53] (P): Fetching attachment from url: https://s33834.pcdn.co/architecture/wp-content/uploads/sites/207/2019/07/neve-architect-demo-03.jpg...
[24/Jun/2021:14:15:54] (S): Fetched remote attachment.
[24/Jun/2021:14:15:54] (P): Inserting attachment...
[24/Jun/2021:14:15:54] (S): Attachment inserted
[24/Jun/2021:14:15:54] (S): Processed attachment.
[24/Jun/2021:14:15:54] (P): Processing attachment: https://s33834.pcdn.co/architecture/wp-content/uploads/sites/207/2019/07/neve-architect-demo-04.jpg...
[24/Jun/2021:14:15:54] (P): Fetching attachment from url: https://s33834.pcdn.co/architecture/wp-content/uploads/sites/207/2019/07/neve-architect-demo-04.jpg...
[24/Jun/2021:14:15:57] (S): Fetched remote attachment.
[24/Jun/2021:14:15:57] (P): Inserting attachment...
[24/Jun/2021:14:15:57] (S): Attachment inserted
[24/Jun/2021:14:15:57] (S): Processed attachment.
[24/Jun/2021:14:15:57] (P): Processing attachment: https://s33834.pcdn.co/architecture/wp-content/uploads/sites/207/2019/07/neve-architect-demo-05.jpg...
[24/Jun/2021:14:15:57] (P): Fetching attachment from url: https://s33834.pcdn.co/architecture/wp-content/uploads/sites/207/2019/07/neve-architect-demo-05.jpg...
[24/Jun/2021:14:15:58] (S): Fetched remote attachment.
[24/Jun/2021:14:15:58] (P): Inserting attachment...
[24/Jun/2021:14:15:58] (S): Attachment inserted
[24/Jun/2021:14:15:58] (S): Processed attachment.
[24/Jun/2021:14:15:58] (P): Processing attachment: https://s33834.pcdn.co/architecture/wp-content/uploads/sites/207/2019/07/neve-architect-demo-06.jpg...
[24/Jun/2021:14:15:58] (P): Fetching attachment from url: https://s33834.pcdn.co/architecture/wp-content/uploads/sites/207/2019/07/neve-architect-demo-06.jpg...
[24/Jun/2021:14:15:59] (S): Fetched remote attachment.
[24/Jun/2021:14:15:59] (P): Inserting attachment...
[24/Jun/2021:14:15:59] (S): Attachment inserted
[24/Jun/2021:14:15:59] (S): Processed attachment.
[24/Jun/2021:14:15:59] (P): Processing attachment: https://s33834.pcdn.co/architecture/wp-content/uploads/sites/207/2019/07/neve-architect-demo-07.jpg...
[24/Jun/2021:14:15:59] (P): Fetching attachment from url: https://s33834.pcdn.co/architecture/wp-content/uploads/sites/207/2019/07/neve-architect-demo-07.jpg...
[24/Jun/2021:14:16:00] (S): Fetched remote attachment.
[24/Jun/2021:14:16:00] (P): Inserting attachment...
[24/Jun/2021:14:16:00] (S): Attachment inserted
[24/Jun/2021:14:16:00] (S): Processed attachment.
[24/Jun/2021:14:16:00] (P): Processing attachment: https://s33834.pcdn.co/architecture/wp-content/uploads/sites/207/2019/07/neve-architect-demo-08.jpg...
[24/Jun/2021:14:16:00] (P): Fetching attachment from url: https://s33834.pcdn.co/architecture/wp-content/uploads/sites/207/2019/07/neve-architect-demo-08.jpg...
[24/Jun/2021:14:16:01] (S): Fetched remote attachment.
[24/Jun/2021:14:16:01] (P): Inserting attachment...
[24/Jun/2021:14:16:01] (S): Attachment inserted
[24/Jun/2021:14:16:01] (S): Processed attachment.
[24/Jun/2021:14:16:01] (P): Processing attachment: https://s33834.pcdn.co/architecture/wp-content/uploads/sites/207/2019/07/neve-architect-demo-09.jpg...
[24/Jun/2021:14:16:01] (P): Fetching attachment from url: https://s33834.pcdn.co/architecture/wp-content/uploads/sites/207/2019/07/neve-architect-demo-09.jpg...
[24/Jun/2021:14:16:03] (S): Fetched remote attachment.
[24/Jun/2021:14:16:03] (P): Inserting attachment...
[24/Jun/2021:14:16:03] (S): Attachment inserted
[24/Jun/2021:14:16:03] (S): Processed attachment.
[24/Jun/2021:14:16:03] (P): Processing attachment: https://s33834.pcdn.co/architecture/wp-content/uploads/sites/207/2019/07/neve-architect-demo-10.jpg...
[24/Jun/2021:14:16:03] (P): Fetching attachment from url: https://s33834.pcdn.co/architecture/wp-content/uploads/sites/207/2019/07/neve-architect-demo-10.jpg...
[24/Jun/2021:14:16:03] (S): Fetched remote attachment.
[24/Jun/2021:14:16:03] (P): Inserting attachment...
[24/Jun/2021:14:16:03] (S): Attachment inserted
[24/Jun/2021:14:16:03] (S): Processed attachment.
[24/Jun/2021:14:16:03] (P): Processing attachment: https://s33834.pcdn.co/architecture/wp-content/uploads/sites/207/2019/07/neve-architect-demo-11.jpg...
[24/Jun/2021:14:16:03] (P): Fetching attachment from url: https://s33834.pcdn.co/architecture/wp-content/uploads/sites/207/2019/07/neve-architect-demo-11.jpg...
[24/Jun/2021:14:16:04] (S): Fetched remote attachment.
[24/Jun/2021:14:16:04] (P): Inserting attachment...
[24/Jun/2021:14:16:04] (S): Attachment inserted
[24/Jun/2021:14:16:04] (S): Processed attachment.
[24/Jun/2021:14:16:04] (P): Processing attachment: https://s33834.pcdn.co/architecture/wp-content/uploads/sites/207/2019/07/neve-architect-demo-12.jpg...
[24/Jun/2021:14:16:04] (P): Fetching attachment from url: https://s33834.pcdn.co/architecture/wp-content/uploads/sites/207/2019/07/neve-architect-demo-12.jpg...
[24/Jun/2021:14:16:06] (S): Fetched remote attachment.
[24/Jun/2021:14:16:06] (P): Inserting attachment...
[24/Jun/2021:14:16:06] (S): Attachment inserted
[24/Jun/2021:14:16:06] (S): Processed attachment.
[24/Jun/2021:14:16:06] (P): Processing attachment: https://s33834.pcdn.co/architecture/wp-content/uploads/sites/207/2019/07/neve-architect-demo-13.jpg...
[24/Jun/2021:14:16:06] (P): Fetching attachment from url: https://s33834.pcdn.co/architecture/wp-content/uploads/sites/207/2019/07/neve-architect-demo-13.jpg...
[24/Jun/2021:14:16:08] (S): Fetched remote attachment.
[24/Jun/2021:14:16:08] (P): Inserting attachment...
[24/Jun/2021:14:16:08] (S): Attachment inserted
[24/Jun/2021:14:16:08] (S): Processed attachment.
[24/Jun/2021:14:16:08] (P): Processing attachment: https://s33834.pcdn.co/architecture/wp-content/uploads/sites/207/2019/07/neve-architect-demo-14.jpg...
[24/Jun/2021:14:16:08] (P): Fetching attachment from url: https://s33834.pcdn.co/architecture/wp-content/uploads/sites/207/2019/07/neve-architect-demo-14.jpg...
[24/Jun/2021:14:16:10] (S): Fetched remote attachment.
[24/Jun/2021:14:16:10] (P): Inserting attachment...
[24/Jun/2021:14:16:10] (S): Attachment inserted
[24/Jun/2021:14:16:10] (S): Processed attachment.
[24/Jun/2021:14:16:10] (P): Processing attachment: https://s33834.pcdn.co/architecture/wp-content/uploads/sites/207/2019/07/neve-architect-demo-15.jpg...
[24/Jun/2021:14:16:10] (P): Fetching attachment from url: https://s33834.pcdn.co/architecture/wp-content/uploads/sites/207/2019/07/neve-architect-demo-15.jpg...
[24/Jun/2021:14:16:17] (S): Fetched remote attachment.
[24/Jun/2021:14:16:17] (P): Inserting attachment...
[24/Jun/2021:14:16:17] (S): Attachment inserted
[24/Jun/2021:14:16:17] (S): Processed attachment.
[24/Jun/2021:14:16:17] (P): Processing attachment: https://s33834.pcdn.co/architecture/wp-content/uploads/sites/207/2019/07/neve-architect-demo-16.jpg...
[24/Jun/2021:14:16:17] (P): Fetching attachment from url: https://s33834.pcdn.co/architecture/wp-content/uploads/sites/207/2019/07/neve-architect-demo-16.jpg...
[24/Jun/2021:14:16:17] (S): Fetched remote attachment.
[24/Jun/2021:14:16:17] (P): Inserting attachment...
[24/Jun/2021:14:16:17] (S): Attachment inserted
[24/Jun/2021:14:16:17] (S): Processed attachment.
[24/Jun/2021:14:16:17] (P): Processing attachment: https://s33834.pcdn.co/architecture/wp-content/uploads/sites/207/2019/07/neve-architect-demo-17.jpg...
[24/Jun/2021:14:16:17] (P): Fetching attachment from url: https://s33834.pcdn.co/architecture/wp-content/uploads/sites/207/2019/07/neve-architect-demo-17.jpg...
[24/Jun/2021:14:16:18] (S): Fetched remote attachment.
[24/Jun/2021:14:16:18] (P): Inserting attachment...
[24/Jun/2021:14:16:18] (S): Attachment inserted
[24/Jun/2021:14:16:18] (S): Processed attachment.
[24/Jun/2021:14:16:18] (P): Processing attachment: https://s33834.pcdn.co/architecture/wp-content/uploads/sites/207/2019/07/neve-architect-demo-18.jpg...
[24/Jun/2021:14:16:18] (P): Fetching attachment from url: https://s33834.pcdn.co/architecture/wp-content/uploads/sites/207/2019/07/neve-architect-demo-18.jpg...
[24/Jun/2021:14:16:20] (S): Fetched remote attachment.
[24/Jun/2021:14:16:20] (P): Inserting attachment...
[24/Jun/2021:14:16:20] (S): Attachment inserted
[24/Jun/2021:14:16:20] (S): Processed attachment.
[24/Jun/2021:14:16:20] (P): Processing single menu item ' '...
[24/Jun/2021:14:16:20] (P): Processing single menu item ' '...
[24/Jun/2021:14:16:20] (P): Inserting custom_css: neve .
[24/Jun/2021:14:16:20] (S): Done inserting custom_css: neve .
[24/Jun/2021:14:16:20] (P): Processing single menu item ' '...
[24/Jun/2021:14:16:20] (P): Processing single menu item ' '...
[24/Jun/2021:14:16:20] (P): Processing single menu item ' '...
[24/Jun/2021:14:16:20] (P): Processing attachment: https://s33834.pcdn.co/architecture/wp-content/uploads/sites/207/2019/07/neve-architect-demo-19.jpg...
[24/Jun/2021:14:16:20] (P): Fetching attachment from url: https://s33834.pcdn.co/architecture/wp-content/uploads/sites/207/2019/07/neve-architect-demo-19.jpg...
[24/Jun/2021:14:16:20] (S): Fetched remote attachment.
[24/Jun/2021:14:16:20] (P): Inserting attachment...
[24/Jun/2021:14:16:20] (S): Attachment inserted
[24/Jun/2021:14:16:20] (S): Processed attachment.
[24/Jun/2021:14:16:20] (P): Processing attachment: https://s33834.pcdn.co/architecture/wp-content/uploads/sites/207/2019/07/neve-architect-demo-20.jpg...
[24/Jun/2021:14:16:20] (P): Fetching attachment from url: https://s33834.pcdn.co/architecture/wp-content/uploads/sites/207/2019/07/neve-architect-demo-20.jpg...
[24/Jun/2021:14:16:23] (S): Fetched remote attachment.
[24/Jun/2021:14:16:23] (P): Inserting attachment...
[24/Jun/2021:14:16:23] (S): Attachment inserted
[24/Jun/2021:14:16:23] (S): Processed attachment.
[24/Jun/2021:14:16:23] (P): Processing attachment: https://s33834.pcdn.co/architecture/wp-content/uploads/sites/207/2019/07/neve-architect-demo-21.jpg...
[24/Jun/2021:14:16:23] (P): Fetching attachment from url: https://s33834.pcdn.co/architecture/wp-content/uploads/sites/207/2019/07/neve-architect-demo-21.jpg...
[24/Jun/2021:14:16:25] (S): Fetched remote attachment.
[24/Jun/2021:14:16:25] (P): Inserting attachment...
[24/Jun/2021:14:16:25] (S): Attachment inserted
[24/Jun/2021:14:16:25] (S): Processed attachment.
[24/Jun/2021:14:16:25] (P): Processing attachment: https://s33834.pcdn.co/architecture/wp-content/uploads/sites/207/2019/07/neve-architect-demo-22.jpg...
[24/Jun/2021:14:16:25] (P): Fetching attachment from url: https://s33834.pcdn.co/architecture/wp-content/uploads/sites/207/2019/07/neve-architect-demo-22.jpg...
[24/Jun/2021:14:16:28] (S): Fetched remote attachment.
[24/Jun/2021:14:16:28] (P): Inserting attachment...
[24/Jun/2021:14:16:28] (S): Attachment inserted
[24/Jun/2021:14:16:28] (S): Processed attachment.
[24/Jun/2021:14:16:28] (P): Processing attachment: https://s33834.pcdn.co/architecture/wp-content/uploads/sites/207/2019/07/neve-architect-demo-24.jpg...
[24/Jun/2021:14:16:28] (P): Fetching attachment from url: https://s33834.pcdn.co/architecture/wp-content/uploads/sites/207/2019/07/neve-architect-demo-24.jpg...
[24/Jun/2021:14:16:30] (S): Fetched remote attachment.
[24/Jun/2021:14:16:30] (P): Inserting attachment...
[24/Jun/2021:14:16:30] (S): Attachment inserted
[24/Jun/2021:14:16:30] (S): Processed attachment.
[24/Jun/2021:14:16:30] (P): Processing attachment: https://s33834.pcdn.co/architecture/wp-content/uploads/sites/207/2019/07/neve-architect-demo-25.jpg...
[24/Jun/2021:14:16:30] (P): Fetching attachment from url: https://s33834.pcdn.co/architecture/wp-content/uploads/sites/207/2019/07/neve-architect-demo-25.jpg...
[24/Jun/2021:14:16:33] (S): Fetched remote attachment.
[24/Jun/2021:14:16:33] (P): Inserting attachment...
[24/Jun/2021:14:16:33] (S): Attachment inserted
[24/Jun/2021:14:16:33] (S): Processed attachment.
[24/Jun/2021:14:16:33] (P): Processing attachment: https://s33834.pcdn.co/architecture/wp-content/uploads/sites/207/2019/07/neve-architect-demo-26.jpg...
[24/Jun/2021:14:16:33] (P): Fetching attachment from url: https://s33834.pcdn.co/architecture/wp-content/uploads/sites/207/2019/07/neve-architect-demo-26.jpg...
[24/Jun/2021:14:16:34] (S): Fetched remote attachment.
[24/Jun/2021:14:16:34] (P): Inserting attachment...
[24/Jun/2021:14:16:34] (S): Attachment inserted
[24/Jun/2021:14:16:34] (S): Processed attachment.
[24/Jun/2021:14:16:34] (P): Processing attachment: https://s33834.pcdn.co/architecture/wp-content/uploads/sites/207/2019/07/neve-architect-demo-27.jpg...
[24/Jun/2021:14:16:34] (P): Fetching attachment from url: https://s33834.pcdn.co/architecture/wp-content/uploads/sites/207/2019/07/neve-architect-demo-27.jpg...
[24/Jun/2021:14:16:35] (S): Fetched remote attachment.
[24/Jun/2021:14:16:35] (P): Inserting attachment...
[24/Jun/2021:14:16:35] (S): Attachment inserted
[24/Jun/2021:14:16:35] (S): Processed attachment.
[24/Jun/2021:14:16:35] (P): Processing attachment: https://s33834.pcdn.co/architecture/wp-content/uploads/sites/207/2019/07/neve-architect-demo-28.jpg...
[24/Jun/2021:14:16:35] (P): Fetching attachment from url: https://s33834.pcdn.co/architecture/wp-content/uploads/sites/207/2019/07/neve-architect-demo-28.jpg...
[24/Jun/2021:14:16:37] (S): Fetched remote attachment.
[24/Jun/2021:14:16:37] (P): Inserting attachment...
[24/Jun/2021:14:16:37] (S): Attachment inserted
[24/Jun/2021:14:16:37] (S): Processed attachment.
[24/Jun/2021:14:16:37] (P): Processing attachment: https://s33834.pcdn.co/architecture/wp-content/uploads/sites/207/2019/07/neve-architect-demo-29.jpg...
[24/Jun/2021:14:16:37] (P): Fetching attachment from url: https://s33834.pcdn.co/architecture/wp-content/uploads/sites/207/2019/07/neve-architect-demo-29.jpg...
[24/Jun/2021:14:16:37] (S): Fetched remote attachment.
[24/Jun/2021:14:16:37] (P): Inserting attachment...
[24/Jun/2021:14:16:37] (S): Attachment inserted
[24/Jun/2021:14:16:37] (S): Processed attachment.
[24/Jun/2021:14:16:37] (P): Processing attachment: https://s33834.pcdn.co/architecture/wp-content/uploads/sites/207/2020/08/map-2.png...
[24/Jun/2021:14:16:37] (P): Fetching attachment from url: https://s33834.pcdn.co/architecture/wp-content/uploads/sites/207/2020/08/map-2.png...
[24/Jun/2021:14:16:38] (S): Fetched remote attachment.
[24/Jun/2021:14:16:38] (P): Inserting attachment...
[24/Jun/2021:14:16:38] (S): Attachment inserted
[24/Jun/2021:14:16:38] (S): Processed attachment.
[24/Jun/2021:14:16:38] (P): Processing attachment: https://s33834.pcdn.co/architecture/wp-content/uploads/sites/207/2020/08/map-1.png...
[24/Jun/2021:14:16:38] (P): Fetching attachment from url: https://s33834.pcdn.co/architecture/wp-content/uploads/sites/207/2020/08/map-1.png...
[24/Jun/2021:14:16:38] (S): Fetched remote attachment.
[24/Jun/2021:14:16:38] (P): Inserting attachment...
[24/Jun/2021:14:16:38] (S): Attachment inserted
[24/Jun/2021:14:16:38] (S): Processed attachment.
[24/Jun/2021:14:16:38] (P): Processing attachment: https://s33834.pcdn.co/architecture/wp-content/uploads/sites/207/2020/12/logo-arch.png...
[24/Jun/2021:14:16:38] (P): Fetching attachment from url: https://s33834.pcdn.co/architecture/wp-content/uploads/sites/207/2020/12/logo-arch.png...
[24/Jun/2021:14:16:39] (S): Fetched remote attachment.
[24/Jun/2021:14:16:39] (P): Inserting attachment...
[24/Jun/2021:14:16:39] (S): Attachment inserted
[24/Jun/2021:14:16:39] (S): Processed attachment.
[24/Jun/2021:14:16:39] (P): Inserting page: Contact .
[24/Jun/2021:14:16:39] (S): Done inserting page: Contact .
[24/Jun/2021:14:16:39] (P): Filtering elementor meta...
[24/Jun/2021:14:16:39] (S): Filtered elementor meta.
[24/Jun/2021:14:16:39] (P): Inserting page: Our projects .
[24/Jun/2021:14:16:39] (S): Done inserting page: Our projects .
[24/Jun/2021:14:16:39] (P): Filtering elementor meta...
[24/Jun/2021:14:16:39] (S): Filtered elementor meta.
[24/Jun/2021:14:16:39] (P): Inserting page: Project details .
[24/Jun/2021:14:16:39] (S): Done inserting page: Project details .
[24/Jun/2021:14:16:39] (P): Filtering elementor meta...
[24/Jun/2021:14:16:39] (S): Filtered elementor meta.
[24/Jun/2021:14:16:39] (P): Inserting page: Homepage .
[24/Jun/2021:14:16:39] (S): Done inserting page: Homepage .
[24/Jun/2021:14:16:39] (P): Filtering elementor meta...
[24/Jun/2021:14:16:39] (S): Filtered elementor meta.
[24/Jun/2021:14:16:39] (P): Inserting page: Privacy and Terms .
[24/Jun/2021:14:16:39] (S): Done inserting page: Privacy and Terms .
[24/Jun/2021:14:16:39] (P): Filtering elementor meta...
[24/Jun/2021:14:16:39] (S): Filtered elementor meta.
[24/Jun/2021:14:16:39] (P): Processing single menu item ' '...
[24/Jun/2021:14:16:39] (S): Processed single menu item.
[24/Jun/2021:14:16:39] (P): Processing single menu item ' San Francisco '...
[24/Jun/2021:14:16:39] (S): Processed single menu item.
[24/Jun/2021:14:16:39] (P): Processing single menu item ' Munich (opening soon) '...
[24/Jun/2021:14:16:39] (S): Processed single menu item.
[24/Jun/2021:14:16:39] (P): Processing single menu item ' Tokyo '...
[24/Jun/2021:14:16:39] (S): Processed single menu item.
[24/Jun/2021:14:16:39] (P): Processing single menu item ' Sydney (opening soon) '...
[24/Jun/2021:14:16:39] (S): Processed single menu item.
[24/Jun/2021:14:16:39] (P): Inserting page: News .
[24/Jun/2021:14:16:39] (S): Done inserting page: News .
[24/Jun/2021:14:16:39] (P): Processing single menu item ' '...
[24/Jun/2021:14:16:39] (S): Processed single menu item.
[24/Jun/2021:14:16:39] (P): Processing single menu item ' Careers '...
[24/Jun/2021:14:16:39] (S): Processed single menu item.
[24/Jun/2021:14:16:39] (S): Processed posts.
[24/Jun/2021:14:16:39] (P): Processing single menu item ' '...
[24/Jun/2021:14:16:39] (S): Processed single menu item.
[24/Jun/2021:14:16:39] (P): Processing single menu item ' '...
[24/Jun/2021:14:16:39] (S): Processed single menu item.
[24/Jun/2021:14:16:39] (P): Processing single menu item ' '...
[24/Jun/2021:14:16:39] (S): Processed single menu item.
[24/Jun/2021:14:16:39] (P): Processing single menu item ' '...
[24/Jun/2021:14:16:39] (S): Processed single menu item.
[24/Jun/2021:14:16:39] (P): Processing single menu item ' '...
[24/Jun/2021:14:16:39] (S): Processed single menu item.
[24/Jun/2021:14:16:39] (P): Cleaning up import with id ...
[24/Jun/2021:14:16:39] (P): Done cleanup. Flushing cache...
[24/Jun/2021:14:16:39] (P): Flushed cache. Removing temporary data..
[24/Jun/2021:14:16:39] (S): Done importing
[24/Jun/2021:14:16:39] (P): Busting elementor cache
[24/Jun/2021:14:16:39] (S): Front page set up with id: 70.
